<?xml version="1.0" encoding="UTF-8"?>
<!-- Generated by org.testng.reporters.JUnitReportReporter -->
<testsuite hostname="users-MBP.fritz.box" failures="0" tests="1" name="Homework1.FirstTest" time="0.029" errors="0" timestamp="2021-02-23T21:49:34 CET" skipped="0">
  <testcase classname="Homework1.FirstTest" name="firstTest" time="0.029"/>
  <system-out/>
</testsuite> <!-- Homework1.FirstTest -->
