<?xml version="1.0" encoding="UTF-8"?>
<!-- Generated by org.testng.reporters.JUnitReportReporter -->
<testsuite hostname="MTK.fritz.box" failures="0" tests="1" name="com.qa.ispeakbetter.tests.LoginPageTest" time="14.701" errors="0" timestamp="2021-04-03T02:17:39 CEST" skipped="0">
  <testcase classname="com.qa.ispeakbetter.tests.LoginPageTest" name="verifyMainPageTitle" time="14.701"/>
  <system-out/>
</testsuite> <!-- com.qa.ispeakbetter.tests.LoginPageTest -->
